# JRE version: OpenJDK Runtime Environment Temurin-17.0.8+7 (17.0.8+7) (build 17.0.8+7)
# Java VM: OpenJDK 64-Bit Server VM Temurin-17.0.8+7 (17.0.8+7, mixed mode, emulated-client, tiered, compressed oops, compressed class ptrs, g1 gc, windows-amd64)
GC Precious Log:
 CPUs: 8 total, 8 available
 Memory: 16165M
 Large Page Support: Disabled
 NUMA Support: Disabled
 Compressed Oops: Enabled (32-bit)
 Heap Region Size: 1M
 Heap Min Capacity: 8M
 Heap Initial Capacity: 254M
 Heap Max Capacity: 1G
 Pre-touch: Disabled
 Parallel Workers: 8
 Concurrent Workers: 2
 Concurrent Refinement Workers: 8
 Periodic GC: Disabled
Heap:
 garbage-first heap   total 343040K, used 119832K [0x00000000c0000000, 0x0000000100000000)
  region size 1024K, 10 young (10240K), 10 survivors (10240K)
 Metaspace       used 45709K, committed 46144K, reserved 1114112K
  class space    used 5564K, committed 5760K, reserved 1048576K
GC Heap History (20 events):
Event: 5.631 GC heap after
{Heap after GC invocations=12 (full 0):
 garbage-first heap   total 155648K, used 21931K [0x00000000c0000000, 0x0000000100000000)
  region size 1024K, 2 young (2048K), 2 survivors (2048K)
 Metaspace       used 38903K, committed 39232K, reserved 1114112K
  class space    used 4828K, committed 4992K, reserved 1048576K
}
Event: 5.972 GC heap before
{Heap before GC invocations=12 (full 0):
 garbage-first heap   total 155648K, used 113067K [0x00000000c0000000, 0x0000000100000000)
  region size 1024K, 91 young (93184K), 2 survivors (2048K)
 Metaspace       used 41529K, committed 41984K, reserved 1114112K
  class space    used 5231K, committed 5440K, reserved 1048576K
}
Event: 5.980 GC heap after
{Heap after GC invocations=13 (full 0):
 garbage-first heap   total 155648K, used 37185K [0x00000000c0000000, 0x0000000100000000)
  region size 1024K, 12 young (12288K), 12 survivors (12288K)
 Metaspace       used 41529K, committed 41984K, reserved 1114112K
  class space    used 5231K, committed 5440K, reserved 1048576K
}
Event: 6.085 GC heap before
{Heap before GC invocations=13 (full 0):
 garbage-first heap   total 155648K, used 96577K [0x00000000c0000000, 0x0000000100000000)
  region size 1024K, 71 young (72704K), 12 survivors (12288K)
 Metaspace       used 42302K, committed 42752K, reserved 1114112K
  class space    used 5302K, committed 5504K, reserved 1048576K
}
Event: 6.096 GC heap after
{Heap after GC invocations=14 (full 0):
 garbage-first heap   total 155648K, used 51384K [0x00000000c0000000, 0x0000000100000000)
  region size 1024K, 9 young (9216K), 9 survivors (9216K)
 Metaspace       used 42302K, committed 42752K, reserved 1114112K
  class space    used 5302K, committed 5504K, reserved 1048576K
}
Event: 6.315 GC heap before
{Heap before GC invocations=14 (full 0):
 garbage-first heap   total 155648K, used 103608K [0x00000000c0000000, 0x0000000100000000)
  region size 1024K, 60 young (61440K), 9 survivors (9216K)
 Metaspace       used 44347K, committed 44736K, reserved 1114112K
  class space    used 5462K, committed 5632K, reserved 1048576K
}
Event: 6.326 GC heap after
{Heap after GC invocations=15 (full 0):
 garbage-first heap   total 155648K, used 68598K [0x00000000c0000000, 0x0000000100000000)
  region size 1024K, 8 young (8192K), 8 survivors (8192K)
 Metaspace       used 44347K, committed 44736K, reserved 1114112K
  class space    used 5462K, committed 5632K, reserved 1048576K
}
Event: 6.384 GC heap before
{Heap before GC invocations=15 (full 0):
 garbage-first heap   total 155648K, used 110582K [0x00000000c0000000, 0x0000000100000000)
  region size 1024K, 48 young (49152K), 8 survivors (8192K)
 Metaspace       used 44755K, committed 45248K, reserved 1114112K
  class space    used 5507K, committed 5696K, reserved 1048576K
}
Event: 6.404 GC heap after
{Heap after GC invocations=16 (full 0):
 garbage-first heap   total 155648K, used 83310K [0x00000000c0000000, 0x0000000100000000)
  region size 1024K, 6 young (6144K), 6 survivors (6144K)
 Metaspace       used 44755K, committed 45248K, reserved 1114112K
  class space    used 5507K, committed 5696K, reserved 1048576K
}
Event: 6.412 GC heap before
{Heap before GC invocations=16 (full 0):
 garbage-first heap   total 155648K, used 114030K [0x00000000c0000000, 0x0000000100000000)
  region size 1024K, 37 young (37888K), 6 survivors (6144K)
 Metaspace       used 44759K, committed 45248K, reserved 1114112K
  class space    used 5508K, committed 5696K, reserved 1048576K
}
Event: 6.415 GC heap after
{Heap after GC invocations=17 (full 0):
 garbage-first heap   total 311296K, used 87823K [0x00000000c0000000, 0x0000000100000000)
  region size 1024K, 4 young (4096K), 4 survivors (4096K)
 Metaspace       used 44759K, committed 45248K, reserved 1114112K
  class space    used 5508K, committed 5696K, reserved 1048576K
}
Event: 6.456 GC heap before
{Heap before GC invocations=17 (full 0):
 garbage-first heap   total 311296K, used 212751K [0x00000000c0000000, 0x0000000100000000)
  region size 1024K, 127 young (130048K), 4 survivors (4096K)
 Metaspace       used 45036K, committed 45504K, reserved 1114112K
  class space    used 5526K, committed 5696K, reserved 1048576K
}
Event: 6.461 GC heap after
{Heap after GC invocations=18 (full 0):
 garbage-first heap   total 311296K, used 95158K [0x00000000c0000000, 0x0000000100000000)
  region size 1024K, 11 young (11264K), 11 survivors (11264K)
 Metaspace       used 45036K, committed 45504K, reserved 1114112K
  class space    used 5526K, committed 5696K, reserved 1048576K
}
Event: 6.500 GC heap before
{Heap before GC invocations=18 (full 0):
 garbage-first heap   total 343040K, used 224182K [0x00000000c0000000, 0x0000000100000000)
  region size 1024K, 139 young (142336K), 11 survivors (11264K)
 Metaspace       used 45156K, committed 45568K, reserved 1114112K
  class space    used 5536K, committed 5696K, reserved 1048576K
}
Event: 6.505 GC heap after
{Heap after GC invocations=19 (full 0):
 garbage-first heap   total 343040K, used 101980K [0x00000000c0000000, 0x0000000100000000)
  region size 1024K, 16 young (16384K), 16 survivors (16384K)
 Metaspace       used 45156K, committed 45568K, reserved 1114112K
  class space    used 5536K, committed 5696K, reserved 1048576K
}
Event: 6.538 GC heap before
{Heap before GC invocations=20 (full 0):
 garbage-first heap   total 343040K, used 254556K [0x00000000c0000000, 0x0000000100000000)
  region size 1024K, 166 young (169984K), 16 survivors (16384K)
 Metaspace       used 45266K, committed 45760K, reserved 1114112K
  class space    used 5549K, committed 5760K, reserved 1048576K
}
Event: 6.546 GC heap after
{Heap after GC invocations=21 (full 0):
 garbage-first heap   total 343040K, used 111209K [0x00000000c0000000, 0x0000000100000000)
  region size 1024K, 17 young (17408K), 17 survivors (17408K)
 Metaspace       used 45266K, committed 45760K, reserved 1114112K
  class space    used 5549K, committed 5760K, reserved 1048576K
}
Event: 6.549 GC heap before
{Heap before GC invocations=21 (full 0):
 garbage-first heap   total 343040K, used 114281K [0x00000000c0000000, 0x0000000100000000)
  region size 1024K, 21 young (21504K), 17 survivors (17408K)
 Metaspace       used 45271K, committed 45760K, reserved 1114112K
  class space    used 5550K, committed 5760K, reserved 1048576K
}
Event: 6.556 GC heap after
{Heap after GC invocations=22 (full 0):
 garbage-first heap   total 343040K, used 112614K [0x00000000c0000000, 0x0000000100000000)
  region size 1024K, 3 young (3072K), 3 survivors (3072K)
 Metaspace       used 45271K, committed 45760K, reserved 1114112K
  class space    used 5550K, committed 5760K, reserved 1048576K
}
Event: 6.580 GC heap before
{Heap before GC invocations=22 (full 0):
 garbage-first heap   total 343040K, used 263142K [0x00000000c0000000, 0x0000000100000000)
  region size 1024K, 151 young (154624K), 3 survivors (3072K)
 Metaspace       used 45709K, committed 46144K, reserved 1114112K
  class space    used 5564K, committed 5760K, reserved 1048576K
}

