# JRE version: OpenJDK Runtime Environment Temurin-17.0.8+7 (17.0.8+7) (build 17.0.8+7)
# Java VM: OpenJDK 64-Bit Server VM Temurin-17.0.8+7 (17.0.8+7, mixed mode, emulated-client, tiered, compressed oops, compressed class ptrs, g1 gc, windows-amd64)
GC Precious Log:
 CPUs: 8 total, 8 available
 Memory: 16165M
 Large Page Support: Disabled
 NUMA Support: Disabled
 Compressed Oops: Enabled (32-bit)
 Heap Region Size: 1M
 Heap Min Capacity: 8M
 Heap Initial Capacity: 254M
 Heap Max Capacity: 1G
 Pre-touch: Disabled
 Parallel Workers: 8
 Concurrent Workers: 2
 Concurrent Refinement Workers: 8
 Periodic GC: Disabled
Heap:
 garbage-first heap   total 413696K, used 132072K [0x00000000c0000000, 0x0000000100000000)
  region size 1024K, 22 young (22528K), 22 survivors (22528K)
 Metaspace       used 49334K, committed 49728K, reserved 1114112K
  class space    used 5960K, committed 6144K, reserved 1048576K
GC Heap History (20 events):
Event: 9.050 GC heap after
{Heap after GC invocations=15 (full 0):
 garbage-first heap   total 152576K, used 51686K [0x00000000c0000000, 0x0000000100000000)
  region size 1024K, 2 young (2048K), 2 survivors (2048K)
 Metaspace       used 41988K, committed 42432K, reserved 1114112K
  class space    used 5249K, committed 5440K, reserved 1048576K
}
Event: 9.472 GC heap before
{Heap before GC invocations=16 (full 0):
 garbage-first heap   total 152576K, used 108006K [0x00000000c0000000, 0x0000000100000000)
  region size 1024K, 57 young (58368K), 2 survivors (2048K)
 Metaspace       used 44560K, committed 44992K, reserved 1114112K
  class space    used 5474K, committed 5632K, reserved 1048576K
}
Event: 9.483 GC heap after
{Heap after GC invocations=17 (full 0):
 garbage-first heap   total 152576K, used 63042K [0x00000000c0000000, 0x0000000100000000)
  region size 1024K, 8 young (8192K), 8 survivors (8192K)
 Metaspace       used 44560K, committed 44992K, reserved 1114112K
  class space    used 5474K, committed 5632K, reserved 1048576K
}
Event: 9.489 GC heap before
{Heap before GC invocations=17 (full 0):
 garbage-first heap   total 152576K, used 64066K [0x00000000c0000000, 0x0000000100000000)
  region size 1024K, 9 young (9216K), 8 survivors (8192K)
 Metaspace       used 44576K, committed 45056K, reserved 1114112K
  class space    used 5479K, committed 5696K, reserved 1048576K
}
Event: 9.496 GC heap after
{Heap after GC invocations=18 (full 0):
 garbage-first heap   total 152576K, used 64905K [0x00000000c0000000, 0x0000000100000000)
  region size 1024K, 2 young (2048K), 2 survivors (2048K)
 Metaspace       used 44576K, committed 45056K, reserved 1114112K
  class space    used 5479K, committed 5696K, reserved 1048576K
}
Event: 9.631 GC heap before
{Heap before GC invocations=18 (full 0):
 garbage-first heap   total 152576K, used 109961K [0x00000000c0000000, 0x0000000100000000)
  region size 1024K, 46 young (47104K), 2 survivors (2048K)
 Metaspace       used 46191K, committed 46720K, reserved 1114112K
  class space    used 5646K, committed 5888K, reserved 1048576K
}
Event: 9.662 GC heap after
{Heap after GC invocations=19 (full 0):
 garbage-first heap   total 152576K, used 81142K [0x00000000c0000000, 0x0000000100000000)
  region size 1024K, 6 young (6144K), 6 survivors (6144K)
 Metaspace       used 46191K, committed 46720K, reserved 1114112K
  class space    used 5646K, committed 5888K, reserved 1048576K
}
Event: 9.680 GC heap before
{Heap before GC invocations=19 (full 0):
 garbage-first heap   total 152576K, used 110838K [0x00000000c0000000, 0x0000000100000000)
  region size 1024K, 36 young (36864K), 6 survivors (6144K)
 Metaspace       used 46253K, committed 46720K, reserved 1114112K
  class space    used 5658K, committed 5888K, reserved 1048576K
}
Event: 9.685 GC heap after
{Heap after GC invocations=20 (full 0):
 garbage-first heap   total 152576K, used 84600K [0x00000000c0000000, 0x0000000100000000)
  region size 1024K, 3 young (3072K), 3 survivors (3072K)
 Metaspace       used 46253K, committed 46720K, reserved 1114112K
  class space    used 5658K, committed 5888K, reserved 1048576K
}
Event: 9.703 GC heap before
{Heap before GC invocations=20 (full 0):
 garbage-first heap   total 152576K, used 115320K [0x00000000c0000000, 0x0000000100000000)
  region size 1024K, 33 young (33792K), 3 survivors (3072K)
 Metaspace       used 46377K, committed 46848K, reserved 1114112K
  class space    used 5672K, committed 5888K, reserved 1048576K
}
Event: 9.708 GC heap after
{Heap after GC invocations=21 (full 0):
 garbage-first heap   total 413696K, used 87040K [0x00000000c0000000, 0x0000000100000000)
  region size 1024K, 4 young (4096K), 4 survivors (4096K)
 Metaspace       used 46377K, committed 46848K, reserved 1114112K
  class space    used 5672K, committed 5888K, reserved 1048576K
}
Event: 9.828 GC heap before
{Heap before GC invocations=21 (full 0):
 garbage-first heap   total 413696K, used 270336K [0x00000000c0000000, 0x0000000100000000)
  region size 1024K, 185 young (189440K), 4 survivors (4096K)
 Metaspace       used 46552K, committed 46976K, reserved 1114112K
  class space    used 5692K, committed 5888K, reserved 1048576K
}
Event: 9.838 GC heap after
{Heap after GC invocations=22 (full 0):
 garbage-first heap   total 413696K, used 99918K [0x00000000c0000000, 0x0000000100000000)
  region size 1024K, 18 young (18432K), 18 survivors (18432K)
 Metaspace       used 46552K, committed 46976K, reserved 1114112K
  class space    used 5692K, committed 5888K, reserved 1048576K
}
Event: 9.891 GC heap before
{Heap before GC invocations=23 (full 0):
 garbage-first heap   total 413696K, used 294478K [0x00000000c0000000, 0x0000000100000000)
  region size 1024K, 209 young (214016K), 18 survivors (18432K)
 Metaspace       used 47353K, committed 47808K, reserved 1114112K
  class space    used 5755K, committed 5952K, reserved 1048576K
}
Event: 9.905 GC heap after
{Heap after GC invocations=24 (full 0):
 garbage-first heap   total 413696K, used 111149K [0x00000000c0000000, 0x0000000100000000)
  region size 1024K, 25 young (25600K), 25 survivors (25600K)
 Metaspace       used 47353K, committed 47808K, reserved 1114112K
  class space    used 5755K, committed 5952K, reserved 1048576K
}
Event: 9.911 GC heap before
{Heap before GC invocations=24 (full 0):
 garbage-first heap   total 413696K, used 113197K [0x00000000c0000000, 0x0000000100000000)
  region size 1024K, 28 young (28672K), 25 survivors (25600K)
 Metaspace       used 47424K, committed 47872K, reserved 1114112K
  class space    used 5761K, committed 5952K, reserved 1048576K
}
Event: 9.920 GC heap after
{Heap after GC invocations=25 (full 0):
 garbage-first heap   total 413696K, used 112576K [0x00000000c0000000, 0x0000000100000000)
  region size 1024K, 3 young (3072K), 3 survivors (3072K)
 Metaspace       used 47424K, committed 47872K, reserved 1114112K
  class space    used 5761K, committed 5952K, reserved 1048576K
}
Event: 9.978 GC heap before
{Heap before GC invocations=25 (full 0):
 garbage-first heap   total 413696K, used 309184K [0x00000000c0000000, 0x0000000100000000)
  region size 1024K, 196 young (200704K), 3 survivors (3072K)
 Metaspace       used 48741K, committed 49280K, reserved 1114112K
  class space    used 5887K, committed 6144K, reserved 1048576K
}
Event: 9.985 GC heap after
{Heap after GC invocations=26 (full 0):
 garbage-first heap   total 413696K, used 121832K [0x00000000c0000000, 0x0000000100000000)
  region size 1024K, 12 young (12288K), 12 survivors (12288K)
 Metaspace       used 48741K, committed 49280K, reserved 1114112K
  class space    used 5887K, committed 6144K, reserved 1048576K
}
Event: 10.040 GC heap before
{Heap before GC invocations=26 (full 0):
 garbage-first heap   total 413696K, used 318440K [0x00000000c0000000, 0x0000000100000000)
  region size 1024K, 205 young (209920K), 12 survivors (12288K)
 Metaspace       used 49334K, committed 49728K, reserved 1114112K
  class space    used 5960K, committed 6144K, reserved 1048576K
}

