# JRE version: OpenJDK Runtime Environment Temurin-17.0.8+7 (17.0.8+7) (build 17.0.8+7)
# Java VM: OpenJDK 64-Bit Server VM Temurin-17.0.8+7 (17.0.8+7, mixed mode, tiered, compressed oops, compressed class ptrs, parallel gc, windows-amd64)
GC Precious Log:
 CPUs: 8 total, 8 available
 Memory: 16165M
 Large Page Support: Disabled
 NUMA Support: Disabled
 Compressed Oops: Enabled (32-bit)
 Alignments: Space 512K, Generation 512K, Heap 2M
 Heap Min Capacity: 100M
 Heap Initial Capacity: 100M
 Heap Max Capacity: 1G
 Pre-touch: Disabled
 Parallel Workers: 8
Heap:
 PSYoungGen      total 22016K, used 17247K [0x00000000eab00000, 0x00000000ec400000, 0x0000000100000000)
  eden space 20992K, 77% used [0x00000000eab00000,0x00000000ebaef990,0x00000000ebf80000)
  from space 1024K, 90% used [0x00000000ec300000,0x00000000ec3e8270,0x00000000ec400000)
  to   space 1536K, 0% used [0x00000000ec100000,0x00000000ec100000,0x00000000ec280000)
 ParOldGen       total 68608K, used 19081K [0x00000000c0000000, 0x00000000c4300000, 0x00000000eab00000)
  object space 68608K, 27% used [0x00000000c0000000,0x00000000c12a2438,0x00000000c4300000)
 Metaspace       used 43859K, committed 44544K, reserved 1114112K
  class space    used 4274K, committed 4544K, reserved 1048576K
GC Heap History (20 events):
Event: 4.392 GC heap before
{Heap before GC invocations=5 (full 1):
 PSYoungGen      total 29696K, used 25600K [0x00000000eab00000, 0x00000000ecc00000, 0x0000000100000000)
  eden space 25600K, 100% used [0x00000000eab00000,0x00000000ec400000,0x00000000ec400000)
  from space 4096K, 0% used [0x00000000ec400000,0x00000000ec400000,0x00000000ec800000)
  to   space 4096K, 0% used [0x00000000ec800000,0x00000000ec800000,0x00000000ecc00000)
 ParOldGen       total 68608K, used 6509K [0x00000000c0000000, 0x00000000c4300000, 0x00000000eab00000)
  object space 68608K, 9% used [0x00000000c0000000,0x00000000c065b7c0,0x00000000c4300000)
 Metaspace       used 24363K, committed 24832K, reserved 1114112K
  class space    used 2288K, committed 2496K, reserved 1048576K
}
Event: 4.393 GC heap after
{Heap after GC invocations=5 (full 1):
 PSYoungGen      total 29696K, used 1262K [0x00000000eab00000, 0x00000000ecc00000, 0x0000000100000000)
  eden space 25600K, 0% used [0x00000000eab00000,0x00000000eab00000,0x00000000ec400000)
  from space 4096K, 30% used [0x00000000ec800000,0x00000000ec93bb98,0x00000000ecc00000)
  to   space 4096K, 0% used [0x00000000ec400000,0x00000000ec400000,0x00000000ec800000)
 ParOldGen       total 68608K, used 6517K [0x00000000c0000000, 0x00000000c4300000, 0x00000000eab00000)
  object space 68608K, 9% used [0x00000000c0000000,0x00000000c065d7c0,0x00000000c4300000)
 Metaspace       used 24363K, committed 24832K, reserved 1114112K
  class space    used 2288K, committed 2496K, reserved 1048576K
}
Event: 4.751 GC heap before
{Heap before GC invocations=6 (full 1):
 PSYoungGen      total 29696K, used 26862K [0x00000000eab00000, 0x00000000ecc00000, 0x0000000100000000)
  eden space 25600K, 100% used [0x00000000eab00000,0x00000000ec400000,0x00000000ec400000)
  from space 4096K, 30% used [0x00000000ec800000,0x00000000ec93bb98,0x00000000ecc00000)
  to   space 4096K, 0% used [0x00000000ec400000,0x00000000ec400000,0x00000000ec800000)
 ParOldGen       total 68608K, used 6517K [0x00000000c0000000, 0x00000000c4300000, 0x00000000eab00000)
  object space 68608K, 9% used [0x00000000c0000000,0x00000000c065d7c0,0x00000000c4300000)
 Metaspace       used 27901K, committed 28416K, reserved 1114112K
  class space    used 2547K, committed 2752K, reserved 1048576K
}
Event: 4.752 GC heap after
{Heap after GC invocations=6 (full 1):
 PSYoungGen      total 26624K, used 1302K [0x00000000eab00000, 0x00000000ec880000, 0x0000000100000000)
  eden space 25088K, 0% used [0x00000000eab00000,0x00000000eab00000,0x00000000ec380000)
  from space 1536K, 84% used [0x00000000ec400000,0x00000000ec545b20,0x00000000ec580000)
  to   space 2048K, 0% used [0x00000000ec680000,0x00000000ec680000,0x00000000ec880000)
 ParOldGen       total 68608K, used 6525K [0x00000000c0000000, 0x00000000c4300000, 0x00000000eab00000)
  object space 68608K, 9% used [0x00000000c0000000,0x00000000c065f7c0,0x00000000c4300000)
 Metaspace       used 27901K, committed 28416K, reserved 1114112K
  class space    used 2547K, committed 2752K, reserved 1048576K
}
Event: 5.798 GC heap before
{Heap before GC invocations=7 (full 1):
 PSYoungGen      total 26624K, used 26390K [0x00000000eab00000, 0x00000000ec880000, 0x0000000100000000)
  eden space 25088K, 100% used [0x00000000eab00000,0x00000000ec380000,0x00000000ec380000)
  from space 1536K, 84% used [0x00000000ec400000,0x00000000ec545b20,0x00000000ec580000)
  to   space 2048K, 0% used [0x00000000ec680000,0x00000000ec680000,0x00000000ec880000)
 ParOldGen       total 68608K, used 6525K [0x00000000c0000000, 0x00000000c4300000, 0x00000000eab00000)
  object space 68608K, 9% used [0x00000000c0000000,0x00000000c065f7c0,0x00000000c4300000)
 Metaspace       used 32266K, committed 32896K, reserved 1114112K
  class space    used 3007K, committed 3264K, reserved 1048576K
}
Event: 5.801 GC heap after
{Heap after GC invocations=7 (full 1):
 PSYoungGen      total 26112K, used 2029K [0x00000000eab00000, 0x00000000ecb00000, 0x0000000100000000)
  eden space 24064K, 0% used [0x00000000eab00000,0x00000000eab00000,0x00000000ec280000)
  from space 2048K, 99% used [0x00000000ec680000,0x00000000ec87b4a8,0x00000000ec880000)
  to   space 4096K, 0% used [0x00000000ec280000,0x00000000ec280000,0x00000000ec680000)
 ParOldGen       total 68608K, used 7737K [0x00000000c0000000, 0x00000000c4300000, 0x00000000eab00000)
  object space 68608K, 11% used [0x00000000c0000000,0x00000000c078e7f0,0x00000000c4300000)
 Metaspace       used 32266K, committed 32896K, reserved 1114112K
  class space    used 3007K, committed 3264K, reserved 1048576K
}
Event: 6.152 GC heap before
{Heap before GC invocations=8 (full 1):
 PSYoungGen      total 26112K, used 23456K [0x00000000eab00000, 0x00000000ecb00000, 0x0000000100000000)
  eden space 24064K, 89% used [0x00000000eab00000,0x00000000ebfecbf0,0x00000000ec280000)
  from space 2048K, 99% used [0x00000000ec680000,0x00000000ec87b4a8,0x00000000ec880000)
  to   space 4096K, 0% used [0x00000000ec280000,0x00000000ec280000,0x00000000ec680000)
 ParOldGen       total 68608K, used 7737K [0x00000000c0000000, 0x00000000c4300000, 0x00000000eab00000)
  object space 68608K, 11% used [0x00000000c0000000,0x00000000c078e7f0,0x00000000c4300000)
 Metaspace       used 35296K, committed 35840K, reserved 1114112K
  class space    used 3371K, committed 3584K, reserved 1048576K
}
Event: 6.153 GC heap after
{Heap after GC invocations=8 (full 1):
 PSYoungGen      total 28160K, used 3032K [0x00000000eab00000, 0x00000000eca00000, 0x0000000100000000)
  eden space 24064K, 0% used [0x00000000eab00000,0x00000000eab00000,0x00000000ec280000)
  from space 4096K, 74% used [0x00000000ec280000,0x00000000ec576150,0x00000000ec680000)
  to   space 3584K, 0% used [0x00000000ec680000,0x00000000ec680000,0x00000000eca00000)
 ParOldGen       total 68608K, used 7745K [0x00000000c0000000, 0x00000000c4300000, 0x00000000eab00000)
  object space 68608K, 11% used [0x00000000c0000000,0x00000000c07907f0,0x00000000c4300000)
 Metaspace       used 35296K, committed 35840K, reserved 1114112K
  class space    used 3371K, committed 3584K, reserved 1048576K
}
Event: 6.153 GC heap before
{Heap before GC invocations=9 (full 2):
 PSYoungGen      total 28160K, used 3032K [0x00000000eab00000, 0x00000000eca00000, 0x0000000100000000)
  eden space 24064K, 0% used [0x00000000eab00000,0x00000000eab00000,0x00000000ec280000)
  from space 4096K, 74% used [0x00000000ec280000,0x00000000ec576150,0x00000000ec680000)
  to   space 3584K, 0% used [0x00000000ec680000,0x00000000ec680000,0x00000000eca00000)
 ParOldGen       total 68608K, used 7745K [0x00000000c0000000, 0x00000000c4300000, 0x00000000eab00000)
  object space 68608K, 11% used [0x00000000c0000000,0x00000000c07907f0,0x00000000c4300000)
 Metaspace       used 35296K, committed 35840K, reserved 1114112K
  class space    used 3371K, committed 3584K, reserved 1048576K
}
Event: 6.173 GC heap after
{Heap after GC invocations=9 (full 2):
 PSYoungGen      total 28160K, used 0K [0x00000000eab00000, 0x00000000eca00000, 0x0000000100000000)
  eden space 24064K, 0% used [0x00000000eab00000,0x00000000eab00000,0x00000000ec280000)
  from space 4096K, 0% used [0x00000000ec280000,0x00000000ec280000,0x00000000ec680000)
  to   space 3584K, 0% used [0x00000000ec680000,0x00000000ec680000,0x00000000eca00000)
 ParOldGen       total 68608K, used 10543K [0x00000000c0000000, 0x00000000c4300000, 0x00000000eab00000)
  object space 68608K, 15% used [0x00000000c0000000,0x00000000c0a4bcc0,0x00000000c4300000)
 Metaspace       used 35296K, committed 35840K, reserved 1114112K
  class space    used 3371K, committed 3584K, reserved 1048576K
}
Event: 6.472 GC heap before
{Heap before GC invocations=10 (full 2):
 PSYoungGen      total 28160K, used 24064K [0x00000000eab00000, 0x00000000eca00000, 0x0000000100000000)
  eden space 24064K, 100% used [0x00000000eab00000,0x00000000ec280000,0x00000000ec280000)
  from space 4096K, 0% used [0x00000000ec280000,0x00000000ec280000,0x00000000ec680000)
  to   space 3584K, 0% used [0x00000000ec680000,0x00000000ec680000,0x00000000eca00000)
 ParOldGen       total 68608K, used 10543K [0x00000000c0000000, 0x00000000c4300000, 0x00000000eab00000)
  object space 68608K, 15% used [0x00000000c0000000,0x00000000c0a4bcc0,0x00000000c4300000)
 Metaspace       used 37505K, committed 38208K, reserved 1114112K
  class space    used 3639K, committed 3904K, reserved 1048576K
}
Event: 6.474 GC heap after
{Heap after GC invocations=10 (full 2):
 PSYoungGen      total 24576K, used 3556K [0x00000000eab00000, 0x00000000ed000000, 0x0000000100000000)
  eden space 20992K, 0% used [0x00000000eab00000,0x00000000eab00000,0x00000000ebf80000)
  from space 3584K, 99% used [0x00000000ec680000,0x00000000ec9f9028,0x00000000eca00000)
  to   space 7168K, 0% used [0x00000000ebf80000,0x00000000ebf80000,0x00000000ec680000)
 ParOldGen       total 68608K, used 13163K [0x00000000c0000000, 0x00000000c4300000, 0x00000000eab00000)
  object space 68608K, 19% used [0x00000000c0000000,0x00000000c0cdaea8,0x00000000c4300000)
 Metaspace       used 37505K, committed 38208K, reserved 1114112K
  class space    used 3639K, committed 3904K, reserved 1048576K
}
Event: 6.827 GC heap before
{Heap before GC invocations=11 (full 2):
 PSYoungGen      total 24576K, used 24548K [0x00000000eab00000, 0x00000000ed000000, 0x0000000100000000)
  eden space 20992K, 100% used [0x00000000eab00000,0x00000000ebf80000,0x00000000ebf80000)
  from space 3584K, 99% used [0x00000000ec680000,0x00000000ec9f9028,0x00000000eca00000)
  to   space 7168K, 0% used [0x00000000ebf80000,0x00000000ebf80000,0x00000000ec680000)
 ParOldGen       total 68608K, used 13163K [0x00000000c0000000, 0x00000000c4300000, 0x00000000eab00000)
  object space 68608K, 19% used [0x00000000c0000000,0x00000000c0cdaea8,0x00000000c4300000)
 Metaspace       used 38639K, committed 39296K, reserved 1114112K
  class space    used 3771K, committed 4032K, reserved 1048576K
}
Event: 6.830 GC heap after
{Heap after GC invocations=11 (full 2):
 PSYoungGen      total 26112K, used 4856K [0x00000000eab00000, 0x00000000eca80000, 0x0000000100000000)
  eden space 20992K, 0% used [0x00000000eab00000,0x00000000eab00000,0x00000000ebf80000)
  from space 5120K, 94% used [0x00000000ebf80000,0x00000000ec43e0b0,0x00000000ec480000)
  to   space 5632K, 0% used [0x00000000ec500000,0x00000000ec500000,0x00000000eca80000)
 ParOldGen       total 68608K, used 13171K [0x00000000c0000000, 0x00000000c4300000, 0x00000000eab00000)
  object space 68608K, 19% used [0x00000000c0000000,0x00000000c0cdcea8,0x00000000c4300000)
 Metaspace       used 38639K, committed 39296K, reserved 1114112K
  class space    used 3771K, committed 4032K, reserved 1048576K
}
Event: 7.429 GC heap before
{Heap before GC invocations=12 (full 2):
 PSYoungGen      total 26112K, used 25848K [0x00000000eab00000, 0x00000000eca80000, 0x0000000100000000)
  eden space 20992K, 100% used [0x00000000eab00000,0x00000000ebf80000,0x00000000ebf80000)
  from space 5120K, 94% used [0x00000000ebf80000,0x00000000ec43e0b0,0x00000000ec480000)
  to   space 5632K, 0% used [0x00000000ec500000,0x00000000ec500000,0x00000000eca80000)
 ParOldGen       total 68608K, used 13171K [0x00000000c0000000, 0x00000000c4300000, 0x00000000eab00000)
  object space 68608K, 19% used [0x00000000c0000000,0x00000000c0cdcea8,0x00000000c4300000)
 Metaspace       used 40737K, committed 41472K, reserved 1114112K
  class space    used 4002K, committed 4288K, reserved 1048576K
}
Event: 7.432 GC heap after
{Heap after GC invocations=12 (full 2):
 PSYoungGen      total 25088K, used 3885K [0x00000000eab00000, 0x00000000ec900000, 0x0000000100000000)
  eden space 20992K, 0% used [0x00000000eab00000,0x00000000eab00000,0x00000000ebf80000)
  from space 4096K, 94% used [0x00000000ec500000,0x00000000ec8cb4f8,0x00000000ec900000)
  to   space 4608K, 0% used [0x00000000ec000000,0x00000000ec000000,0x00000000ec480000)
 ParOldGen       total 68608K, used 14528K [0x00000000c0000000, 0x00000000c4300000, 0x00000000eab00000)
  object space 68608K, 21% used [0x00000000c0000000,0x00000000c0e30070,0x00000000c4300000)
 Metaspace       used 40737K, committed 41472K, reserved 1114112K
  class space    used 4002K, committed 4288K, reserved 1048576K
}
Event: 8.352 GC heap before
{Heap before GC invocations=13 (full 2):
 PSYoungGen      total 25088K, used 24869K [0x00000000eab00000, 0x00000000ec900000, 0x0000000100000000)
  eden space 20992K, 99% used [0x00000000eab00000,0x00000000ebf7e288,0x00000000ebf80000)
  from space 4096K, 94% used [0x00000000ec500000,0x00000000ec8cb4f8,0x00000000ec900000)
  to   space 4608K, 0% used [0x00000000ec000000,0x00000000ec000000,0x00000000ec480000)
 ParOldGen       total 68608K, used 14528K [0x00000000c0000000, 0x00000000c4300000, 0x00000000eab00000)
  object space 68608K, 21% used [0x00000000c0000000,0x00000000c0e30070,0x00000000c4300000)
 Metaspace       used 42711K, committed 43456K, reserved 1114112K
  class space    used 4178K, committed 4480K, reserved 1048576K
}
Event: 8.358 GC heap after
{Heap after GC invocations=13 (full 2):
 PSYoungGen      total 22016K, used 882K [0x00000000eab00000, 0x00000000ec580000, 0x0000000100000000)
  eden space 20992K, 0% used [0x00000000eab00000,0x00000000eab00000,0x00000000ebf80000)
  from space 1024K, 86% used [0x00000000ec000000,0x00000000ec0dc900,0x00000000ec100000)
  to   space 2560K, 0% used [0x00000000ec300000,0x00000000ec300000,0x00000000ec580000)
 ParOldGen       total 68608K, used 18270K [0x00000000c0000000, 0x00000000c4300000, 0x00000000eab00000)
  object space 68608K, 26% used [0x00000000c0000000,0x00000000c11d7b38,0x00000000c4300000)
 Metaspace       used 42711K, committed 43456K, reserved 1114112K
  class space    used 4178K, committed 4480K, reserved 1048576K
}
Event: 8.602 GC heap before
{Heap before GC invocations=14 (full 2):
 PSYoungGen      total 22016K, used 21874K [0x00000000eab00000, 0x00000000ec580000, 0x0000000100000000)
  eden space 20992K, 100% used [0x00000000eab00000,0x00000000ebf80000,0x00000000ebf80000)
  from space 1024K, 86% used [0x00000000ec000000,0x00000000ec0dc900,0x00000000ec100000)
  to   space 2560K, 0% used [0x00000000ec300000,0x00000000ec300000,0x00000000ec580000)
 ParOldGen       total 68608K, used 18270K [0x00000000c0000000, 0x00000000c4300000, 0x00000000eab00000)
  object space 68608K, 26% used [0x00000000c0000000,0x00000000c11d7b38,0x00000000c4300000)
 Metaspace       used 42746K, committed 43456K, reserved 1114112K
  class space    used 4178K, committed 4480K, reserved 1048576K
}
Event: 8.604 GC heap after
{Heap after GC invocations=14 (full 2):
 PSYoungGen      total 22016K, used 928K [0x00000000eab00000, 0x00000000ec400000, 0x0000000100000000)
  eden space 20992K, 0% used [0x00000000eab00000,0x00000000eab00000,0x00000000ebf80000)
  from space 1024K, 90% used [0x00000000ec300000,0x00000000ec3e8270,0x00000000ec400000)
  to   space 1536K, 0% used [0x00000000ec100000,0x00000000ec100000,0x00000000ec280000)
 ParOldGen       total 68608K, used 19081K [0x00000000c0000000, 0x00000000c4300000, 0x00000000eab00000)
  object space 68608K, 27% used [0x00000000c0000000,0x00000000c12a2438,0x00000000c4300000)
 Metaspace       used 42746K, committed 43456K, reserved 1114112K
  class space    used 4178K, committed 4480K, reserved 1048576K
}

