# JRE version: Java(TM) SE Runtime Environment (8.0_371) (build 1.8.0_371-b11)
# Java VM: Java HotSpot(TM) 64-Bit Server VM (25.371-b11 mixed mode windows-amd64 compressed oops)
Heap:
 PSYoungGen      total 76288K, used 17094K [0x00000000f5580000, 0x00000000fac00000, 0x0000000100000000)
  eden space 65536K, 16% used [0x00000000f5580000,0x00000000f6010128,0x00000000f9580000)
  from space 10752K, 58% used [0x00000000fa000000,0x00000000fa621720,0x00000000faa80000)
  to   space 10752K, 0% used [0x00000000f9580000,0x00000000f9580000,0x00000000fa000000)
 ParOldGen       total 217600K, used 6309K [0x00000000e0000000, 0x00000000ed480000, 0x00000000f5580000)
  object space 217600K, 2% used [0x00000000e0000000,0x00000000e06297f0,0x00000000ed480000)
 Metaspace       used 17531K, capacity 18200K, committed 18304K, reserved 1064960K
  class space    used 2487K, capacity 2646K, committed 2688K, reserved 1048576K
GC Heap History (10 events):
Event: 1.436 GC heap before
{Heap before GC invocations=2 (full 0):
 PSYoungGen      total 76288K, used 50829K [0x00000000f5580000, 0x00000000faa80000, 0x0000000100000000)
  eden space 65536K, 67% used [0x00000000f5580000,0x00000000f80b7488,0x00000000f9580000)
  from space 10752K, 61% used [0x00000000f9580000,0x00000000f9bebfa8,0x00000000fa000000)
  to   space 10752K, 0% used [0x00000000fa000000,0x00000000fa000000,0x00000000faa80000)
 ParOldGen       total 175104K, used 16K [0x00000000e0000000, 0x00000000eab00000, 0x00000000f5580000)
  object space 175104K, 0% used [0x00000000e0000000,0x00000000e0004000,0x00000000eab00000)
 Metaspace       used 11470K, capacity 11842K, committed 11904K, reserved 1062912K
  class space    used 1528K, capacity 1623K, committed 1664K, reserved 1048576K
Event: 1.441 GC heap after
Heap after GC invocations=2 (full 0):
 PSYoungGen      total 76288K, used 6816K [0x00000000f5580000, 0x00000000faa80000, 0x0000000100000000)
  eden space 65536K, 0% used [0x00000000f5580000,0x00000000f5580000,0x00000000f9580000)
  from space 10752K, 63% used [0x00000000fa000000,0x00000000fa6a83f8,0x00000000faa80000)
  to   space 10752K, 0% used [0x00000000f9580000,0x00000000f9580000,0x00000000fa000000)
 ParOldGen       total 175104K, used 24K [0x00000000e0000000, 0x00000000eab00000, 0x00000000f5580000)
  object space 175104K, 0% used [0x00000000e0000000,0x00000000e0006000,0x00000000eab00000)
 Metaspace       used 11470K, capacity 11842K, committed 11904K, reserved 1062912K
  class space    used 1528K, capacity 1623K, committed 1664K, reserved 1048576K
}
Event: 1.441 GC heap before
{Heap before GC invocations=3 (full 1):
 PSYoungGen      total 76288K, used 6816K [0x00000000f5580000, 0x00000000faa80000, 0x0000000100000000)
  eden space 65536K, 0% used [0x00000000f5580000,0x00000000f5580000,0x00000000f9580000)
  from space 10752K, 63% used [0x00000000fa000000,0x00000000fa6a83f8,0x00000000faa80000)
  to   space 10752K, 0% used [0x00000000f9580000,0x00000000f9580000,0x00000000fa000000)
 ParOldGen       total 175104K, used 24K [0x00000000e0000000, 0x00000000eab00000, 0x00000000f5580000)
  object space 175104K, 0% used [0x00000000e0000000,0x00000000e0006000,0x00000000eab00000)
 Metaspace       used 11470K, capacity 11842K, committed 11904K, reserved 1062912K
  class space    used 1528K, capacity 1623K, committed 1664K, reserved 1048576K
Event: 1.457 GC heap after
Heap after GC invocations=3 (full 1):
 PSYoungGen      total 76288K, used 0K [0x00000000f5580000, 0x00000000faa80000, 0x0000000100000000)
  eden space 65536K, 0% used [0x00000000f5580000,0x00000000f5580000,0x00000000f9580000)
  from space 10752K, 0% used [0x00000000fa000000,0x00000000fa000000,0x00000000faa80000)
  to   space 10752K, 0% used [0x00000000f9580000,0x00000000f9580000,0x00000000fa000000)
 ParOldGen       total 175104K, used 6566K [0x00000000e0000000, 0x00000000eab00000, 0x00000000f5580000)
  object space 175104K, 3% used [0x00000000e0000000,0x00000000e0669b00,0x00000000eab00000)
 Metaspace       used 11470K, capacity 11842K, committed 11904K, reserved 1060864K
  class space    used 1528K, capacity 1623K, committed 1664K, reserved 1048576K
}
Event: 1.457 GC heap before
{Heap before GC invocations=4 (full 1):
 PSYoungGen      total 76288K, used 0K [0x00000000f5580000, 0x00000000faa80000, 0x0000000100000000)
  eden space 65536K, 0% used [0x00000000f5580000,0x00000000f5580000,0x00000000f9580000)
  from space 10752K, 0% used [0x00000000fa000000,0x00000000fa000000,0x00000000faa80000)
  to   space 10752K, 0% used [0x00000000f9580000,0x00000000f9580000,0x00000000fa000000)
 ParOldGen       total 175104K, used 6566K [0x00000000e0000000, 0x00000000eab00000, 0x00000000f5580000)
  object space 175104K, 3% used [0x00000000e0000000,0x00000000e0669b00,0x00000000eab00000)
 Metaspace       used 11470K, capacity 11842K, committed 11904K, reserved 1064960K
  class space    used 1528K, capacity 1623K, committed 1664K, reserved 1048576K
Event: 1.458 GC heap after
Heap after GC invocations=4 (full 1):
 PSYoungGen      total 76288K, used 0K [0x00000000f5580000, 0x00000000faa80000, 0x0000000100000000)
  eden space 65536K, 0% used [0x00000000f5580000,0x00000000f5580000,0x00000000f9580000)
  from space 10752K, 0% used [0x00000000f9580000,0x00000000f9580000,0x00000000fa000000)
  to   space 10752K, 0% used [0x00000000fa000000,0x00000000fa000000,0x00000000faa80000)
 ParOldGen       total 175104K, used 6566K [0x00000000e0000000, 0x00000000eab00000, 0x00000000f5580000)
  object space 175104K, 3% used [0x00000000e0000000,0x00000000e0669b00,0x00000000eab00000)
 Metaspace       used 11470K, capacity 11842K, committed 11904K, reserved 1064960K
  class space    used 1528K, capacity 1623K, committed 1664K, reserved 1048576K
}
Event: 1.458 GC heap before
{Heap before GC invocations=5 (full 2):
 PSYoungGen      total 76288K, used 0K [0x00000000f5580000, 0x00000000faa80000, 0x0000000100000000)
  eden space 65536K, 0% used [0x00000000f5580000,0x00000000f5580000,0x00000000f9580000)
  from space 10752K, 0% used [0x00000000f9580000,0x00000000f9580000,0x00000000fa000000)
  to   space 10752K, 0% used [0x00000000fa000000,0x00000000fa000000,0x00000000faa80000)
 ParOldGen       total 175104K, used 6566K [0x00000000e0000000, 0x00000000eab00000, 0x00000000f5580000)
  object space 175104K, 3% used [0x00000000e0000000,0x00000000e0669b00,0x00000000eab00000)
 Metaspace       used 11470K, capacity 11842K, committed 11904K, reserved 1064960K
  class space    used 1528K, capacity 1623K, committed 1664K, reserved 1048576K
Event: 1.500 GC heap after
Heap after GC invocations=5 (full 2):
 PSYoungGen      total 76288K, used 0K [0x00000000f5580000, 0x00000000faa80000, 0x0000000100000000)
  eden space 65536K, 0% used [0x00000000f5580000,0x00000000f5580000,0x00000000f9580000)
  from space 10752K, 0% used [0x00000000f9580000,0x00000000f9580000,0x00000000fa000000)
  to   space 10752K, 0% used [0x00000000fa000000,0x00000000fa000000,0x00000000faa80000)
 ParOldGen       total 217600K, used 6301K [0x00000000e0000000, 0x00000000ed480000, 0x00000000f5580000)
  object space 217600K, 2% used [0x00000000e0000000,0x00000000e06277f0,0x00000000ed480000)
 Metaspace       used 11441K, capacity 11784K, committed 11904K, reserved 1060864K
  class space    used 1517K, capacity 1604K, committed 1664K, reserved 1048576K
}
Event: 2.006 GC heap before
{Heap before GC invocations=6 (full 2):
 PSYoungGen      total 76288K, used 65536K [0x00000000f5580000, 0x00000000faa80000, 0x0000000100000000)
  eden space 65536K, 100% used [0x00000000f5580000,0x00000000f9580000,0x00000000f9580000)
  from space 10752K, 0% used [0x00000000f9580000,0x00000000f9580000,0x00000000fa000000)
  to   space 10752K, 0% used [0x00000000fa000000,0x00000000fa000000,0x00000000faa80000)
 ParOldGen       total 217600K, used 6301K [0x00000000e0000000, 0x00000000ed480000, 0x00000000f5580000)
  object space 217600K, 2% used [0x00000000e0000000,0x00000000e06277f0,0x00000000ed480000)
 Metaspace       used 16514K, capacity 17094K, committed 17408K, reserved 1064960K
  class space    used 2319K, capacity 2487K, committed 2560K, reserved 1048576K
Event: 2.010 GC heap after
Heap after GC invocations=6 (full 2):
 PSYoungGen      total 76288K, used 6277K [0x00000000f5580000, 0x00000000fac00000, 0x0000000100000000)
  eden space 65536K, 0% used [0x00000000f5580000,0x00000000f5580000,0x00000000f9580000)
  from space 10752K, 58% used [0x00000000fa000000,0x00000000fa621720,0x00000000faa80000)
  to   space 10752K, 0% used [0x00000000f9580000,0x00000000f9580000,0x00000000fa000000)
 ParOldGen       total 217600K, used 6309K [0x00000000e0000000, 0x00000000ed480000, 0x00000000f5580000)
  object space 217600K, 2% used [0x00000000e0000000,0x00000000e06297f0,0x00000000ed480000)
 Metaspace       used 16514K, capacity 17094K, committed 17408K, reserved 1064960K
  class space    used 2319K, capacity 2487K, committed 2560K, reserved 1048576K
}

